<?xml version="1.0" encoding="utf-8"?><testsuites name="pytest tests"><testsuite name="pytest" errors="6" failures="0" skipped="0" tests="6" time="6.168" timestamp="2025-10-08T06:08:45.232249-04:00" hostname="e81fab141caf"><testcase classname="" name="tests.load_test" time="0.000"><error message="collection failure">ImportError while importing test module '/home/ubuntu/dental-clinic-ai/backend/tests/load_test.py'.
Hint: make sure your test modules/packages have valid Python names.
Traceback:
/usr/lib/python3.11/importlib/__init__.py:126: in import_module
    return _bootstrap._gcd_import(name[level:], package, level)
           ^^^^^^^^^^^^^^^^^^^^^^^^^^^^^^^^^^^^^^^^^^^^^^^^^^^^
tests/load_test.py:6: in &lt;module&gt;
    from locust import HttpUser, task, between
E   ModuleNotFoundError: No module named 'locust'</error></testcase><testcase classname="" name="tests.test_alex_safety" time="0.000"><error message="collection failure">ImportError while importing test module '/home/ubuntu/dental-clinic-ai/backend/tests/test_alex_safety.py'.
Hint: make sure your test modules/packages have valid Python names.
Traceback:
/usr/lib/python3.11/importlib/__init__.py:126: in import_module
    return _bootstrap._gcd_import(name[level:], package, level)
           ^^^^^^^^^^^^^^^^^^^^^^^^^^^^^^^^^^^^^^^^^^^^^^^^^^^^
tests/test_alex_safety.py:10: in &lt;module&gt;
    from app.agents.agent_graph import AgentGraphV2
E   ModuleNotFoundError: No module named 'app.agents.agent_graph'</error></testcase><testcase classname="" name="tests.test_causal_memory_integration" time="0.000"><error message="collection failure">ImportError while importing test module '/home/ubuntu/dental-clinic-ai/backend/tests/test_causal_memory_integration.py'.
Hint: make sure your test modules/packages have valid Python names.
Traceback:
/usr/lib/python3.11/importlib/__init__.py:126: in import_module
    return _bootstrap._gcd_import(name[level:], package, level)
           ^^^^^^^^^^^^^^^^^^^^^^^^^^^^^^^^^^^^^^^^^^^^^^^^^^^^
tests/test_causal_memory_integration.py:9: in &lt;module&gt;
    from app.agents.agent_graph import AgentGraphV2
E   ModuleNotFoundError: No module named 'app.agents.agent_graph'</error></testcase><testcase classname="" name="tests.test_e2e_mvp" time="0.000"><error message="collection failure">ImportError while importing test module '/home/ubuntu/dental-clinic-ai/backend/tests/test_e2e_mvp.py'.
Hint: make sure your test modules/packages have valid Python names.
Traceback:
/usr/lib/python3.11/importlib/__init__.py:126: in import_module
    return _bootstrap._gcd_import(name[level:], package, level)
           ^^^^^^^^^^^^^^^^^^^^^^^^^^^^^^^^^^^^^^^^^^^^^^^^^^^^
tests/test_e2e_mvp.py:11: in &lt;module&gt;
    from app.agents.agent_graph import AgentGraphV2
E   ModuleNotFoundError: No module named 'app.agents.agent_graph'</error></testcase><testcase classname="" name="tests.test_full_integration" time="0.000"><error message="collection failure">ImportError while importing test module '/home/ubuntu/dental-clinic-ai/backend/tests/test_full_integration.py'.
Hint: make sure your test modules/packages have valid Python names.
Traceback:
/usr/lib/python3.11/importlib/__init__.py:126: in import_module
    return _bootstrap._gcd_import(name[level:], package, level)
           ^^^^^^^^^^^^^^^^^^^^^^^^^^^^^^^^^^^^^^^^^^^^^^^^^^^^
tests/test_full_integration.py:31: in &lt;module&gt;
    from app.core.memory import get_memory_saver
app/core/memory.py:18: in &lt;module&gt;
    from langgraph.checkpoint.postgres import PostgresSaver
/usr/local/lib/python3.11/dist-packages/langgraph/checkpoint/postgres/__init__.py:20: in &lt;module&gt;
    from psycopg import Capabilities, Connection, Cursor, Pipeline
/usr/local/lib/python3.11/dist-packages/psycopg/__init__.py:9: in &lt;module&gt;
    from . import pq  # noqa: F401 import early to stabilize side effects
    ^^^^^^^^^^^^^^^^
/usr/local/lib/python3.11/dist-packages/psycopg/pq/__init__.py:116: in &lt;module&gt;
    import_from_libpq()
/usr/local/lib/python3.11/dist-packages/psycopg/pq/__init__.py:108: in import_from_libpq
    raise ImportError(
E   ImportError: no pq wrapper available.
E   Attempts made:
E   - couldn't import psycopg 'c' implementation: No module named 'psycopg_c'
E   - couldn't import psycopg 'binary' implementation: No module named 'psycopg_binary'
E   - couldn't import psycopg 'python' implementation: libpq library not found</error></testcase><testcase classname="" name="tests.test_telegram_integration" time="0.000"><error message="collection failure">ImportError while importing test module '/home/ubuntu/dental-clinic-ai/backend/tests/test_telegram_integration.py'.
Hint: make sure your test modules/packages have valid Python names.
Traceback:
/usr/lib/python3.11/importlib/__init__.py:126: in import_module
    return _bootstrap._gcd_import(name[level:], package, level)
           ^^^^^^^^^^^^^^^^^^^^^^^^^^^^^^^^^^^^^^^^^^^^^^^^^^^^
tests/test_telegram_integration.py:13: in &lt;module&gt;
    from app.api.v1.endpoints.telegram import handle_message, handle_callback
app/api/v1/__init__.py:6: in &lt;module&gt;
    from app.api.v1.endpoints import (
app/api/v1/endpoints/chat.py:22: in &lt;module&gt;
    from app.agents.agent_graph_v3 import AgentGraphV3
app/agents/agent_graph_v3.py:30: in &lt;module&gt;
    from app.core.memory import get_memory_saver
app/core/memory.py:18: in &lt;module&gt;
    from langgraph.checkpoint.postgres import PostgresSaver
/usr/local/lib/python3.11/dist-packages/langgraph/checkpoint/postgres/__init__.py:20: in &lt;module&gt;
    from psycopg import Capabilities, Connection, Cursor, Pipeline
/usr/local/lib/python3.11/dist-packages/psycopg/__init__.py:9: in &lt;module&gt;
    from . import pq  # noqa: F401 import early to stabilize side effects
    ^^^^^^^^^^^^^^^^
/usr/local/lib/python3.11/dist-packages/psycopg/pq/__init__.py:116: in &lt;module&gt;
    import_from_libpq()
/usr/local/lib/python3.11/dist-packages/psycopg/pq/__init__.py:108: in import_from_libpq
    raise ImportError(
E   ImportError: no pq wrapper available.
E   Attempts made:
E   - couldn't import psycopg 'c' implementation: No module named 'psycopg_c'
E   - couldn't import psycopg 'binary' implementation: No module named 'psycopg_binary'
E   - couldn't import psycopg 'python' implementation: libpq library not found</error></testcase></testsuite></testsuites>